Arguments: 
  D:\Program Files\nodejs\node.exe C:\Users\Deboy\AppData\Roaming\npm\node_modules\yarn\bin\yarn.js install

PATH: 
  C:\Program Files\Docker\Docker\Resources\bin;C:\ProgramData\Oracle\Java\javapath;C:\Windows\system32;C:\Windows;C:\Windows\System32\Wbem;C:\Windows\System32\WindowsPowerShell\v1.0\;D:\Program Files\nodejs\;C:\Program Files\TortoiseGit\bin;D:\Program Files\Git\cmd;C:\Users\Deboy\AppData\Local\Programs\Python\Python36-32\Scripts\;C:\Users\Deboy\AppData\Local\Programs\Python\Python36-32\;C:\Users\Deboy\AppData\Local\Microsoft\WindowsApps;C:\Users\Deboy\AppData\Roaming\npm;D:\Program Files (x86)\Microsoft VS Code\bin;D:\Android\sdk\tools;D:\Android\sdk\platform-tools

Yarn version: 
  0.23.3

Node version: 
  7.8.0

Platform: 
  win32 x64

npm manifest: 
  {
    "name": "model-maker-pro",
    "version": "0.2.67",
    "description": "项目模型 + 各种模版 = 完整RESTful接口",
    "main": "./dist/electron/main.js",
    "scripts": {
      "build": "node .electron-vue/build.js && build",
      "build:dir": "node .electron-vue/build.js && build --dir",
      "build:web": "cross-env BUILD_TARGET=web node .electron-vue/build.js",
      "dev": "node .electron-vue/dev-runner.js",
      "dev-docs": "docute ./docs",
      "lint": "eslint --ext .js,.vue -f ./node_modules/eslint-friendly-formatter src",
      "lint:fix": "eslint --ext .js,.vue -f ./node_modules/eslint-friendly-formatter --fix src",
      "pack": "npm run pack:main && npm run pack:renderer",
      "pack:main": "cross-env NODE_ENV=production webpack --progress --colors --config .electron-vue/webpack.main.config.js",
      "pack:renderer": "cross-env NODE_ENV=production webpack --progress --colors --config .electron-vue/webpack.renderer.config.js",
      "postinstall": "npm run lint:fix"
    },
    "build": {
      "productName": "ModelMakerPro",
      "appId": "org.deboy.model-maker-pro",
      "category": "public.app-category.tools",
      "dmg": {
        "contents": [
          {
            "x": 410,
            "y": 150,
            "type": "link",
            "path": "/Applications"
          },
          {
            "x": 130,
            "y": 150,
            "type": "file"
          }
        ]
      },
      "directories": {
        "output": "build"
      },
      "files": [
        "dist/electron",
        "node_modules/",
        "package.json"
      ],
      "mac": {
        "icon": "build/icons/icon.icns"
      },
      "win": {
        "icon": "build/icons/icon.ico"
      },
      "linux": {
        "icon": "build/icons"
      }
    },
    "author": "55631825@qq.com <55631825@qq.com>",
    "license": null,
    "dependencies": {
      "axios": "^0.16.1",
      "handlebars": "^4.0.8",
      "handlebars-helpers": "^0.8.2",
      "highlight.js": "^9.11.0",
      "open": "0.0.5",
      "sequelize": "^4.1.0",
      "unlazy-loader": "^0.1.2",
      "vue": "^2.2.2",
      "vue-electron": "^1.0.6",
      "vue-json-tree-view": "^2.0.7",
      "vue-router": "^2.1.2",
      "vuex": "^2.1.1",
      "iview": "^2.0.0-rc.12"
    },
    "devDependencies": {
      "babel-core": "^6.22.1",
      "babel-eslint": "^7.0.0",
      "babel-loader": "^6.2.10",
      "babel-plugin-transform-runtime": "^6.22.0",
      "babel-preset-env": "^1.3.3",
      "babel-preset-stage-0": "^6.5.0",
      "babel-register": "^6.2.0",
      "babel-runtime": "^6.6.1",
      "babili-webpack-plugin": "^0.0.11",
      "chalk": "^1.1.3",
      "copy-webpack-plugin": "^4.0.1",
      "cross-env": "^3.1.4",
      "css-loader": "^0.27.3",
      "del": "^2.2.1",
      "devtron": "^1.1.0",
      "electron": "^1.3.1",
      "electron-builder": "^11.4.4",
      "electron-debug": "^1.1.0",
      "electron-devtools-installer": "^2.0.1",
      "electron-rebuild": "^1.1.3",
      "eslint": "^3.13.1",
      "eslint-config-standard": "^7.1.0",
      "eslint-friendly-formatter": "^2.0.5",
      "eslint-loader": "^1.3.0",
      "eslint-plugin-html": "^2.0.0",
      "eslint-plugin-promise": "^3.4.0",
      "eslint-plugin-standard": "^2.0.1",
      "extract-text-webpack-plugin": "^2.0.0-beta.4",
      "file-loader": "^0.10.1",
      "friendly-errors-webpack-plugin": "^1.6.1",
      "html-webpack-plugin": "^2.16.1",
      "json-loader": "^0.5.4",
      "less": "^2.7.2",
      "less-loader": "^4.0.3",
      "multispinner": "^0.2.1",
      "ora": "^1.2.0",
      "style-loader": "^0.16.0",
      "tree-kill": "^1.1.0",
      "url-loader": "^0.5.7",
      "vue-html-loader": "^1.2.2",
      "vue-loader": "^11.3.3",
      "vue-style-loader": "^2.0.4",
      "vue-template-compiler": "^2.2.2",
      "webpack": "^2.2.1",
      "webpack-dev-server": "^2.3.0",
      "webpack-hot-middleware": "^2.18.0"
    }
  }

yarn manifest: 
  No manifest

Lockfile: 
  No lockfile

Trace: 
  Error: EBUSY: resource busy or locked, unlink 'D:\project\destop\model-maker-pro\node_modules\electron\dist\blink_image_resources_200_percent.pak'
